Сборка начата 05.05.2017 20:11:35.
     1>Проект "C:\c++_дз\projects\С++_дз\2 курс\2 semestr\задачі\№26(Memento)\memento_pattern(x_o_game)\memento_pattern(x_o_game)\memento_pattern(x_o_game).vcxproj" в узле 2 (целевые объекты Build).
     1>ClCompile:
         C:\Program Files (x86)\Microsoft Visual Studio 12.0\VC\bin\CL.exe /c /AI"C:\Program Files (x86)\Reference Assemblies\Microsoft\Framework\.NETFramework\v4.0" /AI"C:\Program Files (x86)\Windows Kits\8.1\References\CommonConfiguration\Neutral" /Zi /clr /nologo /W3 /WX- /Od /Oy- /D WIN32 /D _DEBUG /D _UNICODE /D UNICODE /EHa /MDd /GS /fp:precise /Zc:wchar_t /Zc:forScope /Fo"Debug\\" /Fd"Debug\vc120.pdb" /TP /FU"C:\Program Files (x86)\Reference Assemblies\Microsoft\Framework\.NETFramework\v4.0\mscorlib.dll" /FU"C:\Program Files (x86)\Reference Assemblies\Microsoft\Framework\.NETFramework\v4.0\System.Data.dll" /FU"C:\Program Files (x86)\Reference Assemblies\Microsoft\Framework\.NETFramework\v4.0\System.dll" /FU"C:\Program Files (x86)\Reference Assemblies\Microsoft\Framework\.NETFramework\v4.0\System.Drawing.dll" /FU"C:\Program Files (x86)\Reference Assemblies\Microsoft\Framework\.NETFramework\v4.0\System.Windows.Forms.dll" /FU"C:\Program Files (x86)\Reference Assemblies\Microsoft\Framework\.NETFramework\v4.0\System.Xml.dll" /analyze- /errorReport:prompt /clr:nostdlib MyForm.cpp
         MyForm.cpp
     1>c:\c++_дз\projects\с++_дз\2 курс\2 semestr\задачі\№26(memento)\memento_pattern(x_o_game)\memento_pattern(x_o_game)\memento.h(111): warning C4172: возвращение адреса локальной или временной переменной
     1>c:\c++_дз\projects\с++_дз\2 курс\2 semestr\задачі\№26(memento)\memento_pattern(x_o_game)\memento_pattern(x_o_game)\memento.h(122): warning C4172: возвращение адреса локальной или временной переменной
     1>c:\c++_дз\projects\с++_дз\2 курс\2 semestr\задачі\№26(memento)\memento_pattern(x_o_game)\memento_pattern(x_o_game)\memento.h(131): warning C4172: возвращение адреса локальной или временной переменной
     1>c:\c++_дз\projects\с++_дз\2 курс\2 semestr\задачі\№26(memento)\memento_pattern(x_o_game)\memento_pattern(x_o_game)\memento.h(140): warning C4172: возвращение адреса локальной или временной переменной
     1>c:\c++_дз\projects\с++_дз\2 курс\2 semestr\задачі\№26(memento)\memento_pattern(x_o_game)\memento_pattern(x_o_game)\memento.h(153): warning C4172: возвращение адреса локальной или временной переменной
     1>c:\c++_дз\projects\с++_дз\2 курс\2 semestr\задачі\№26(memento)\memento_pattern(x_o_game)\memento_pattern(x_o_game)\memento.h(165): warning C4172: возвращение адреса локальной или временной переменной
     1>c:\c++_дз\projects\с++_дз\2 курс\2 semestr\задачі\№26(memento)\memento_pattern(x_o_game)\memento_pattern(x_o_game)\memento.h(174): warning C4172: возвращение адреса локальной или временной переменной
     1>c:\c++_дз\projects\с++_дз\2 курс\2 semestr\задачі\№26(memento)\memento_pattern(x_o_game)\memento_pattern(x_o_game)\memento.h(183): warning C4172: возвращение адреса локальной или временной переменной
     1>c:\c++_дз\projects\с++_дз\2 курс\2 semestr\задачі\№26(memento)\memento_pattern(x_o_game)\memento_pattern(x_o_game)\memento.h(186): warning C4172: возвращение адреса локальной или временной переменной
       Link:
         C:\Program Files (x86)\Microsoft Visual Studio 12.0\VC\bin\link.exe /ERRORREPORT:PROMPT /OUT:"C:\c++_дз\projects\С++_дз\2 курс\2 semestr\задачі\№26(Memento)\memento_pattern(x_o_game)\Debug\memento_pattern(x_o_game).exe" /INCREMENTAL /NOLOGO /ASSEMBLYRESOURCE:Debug\memento_patternx_o_game.MyForm.resources /MANIFEST /MANIFESTUAC:"level='asInvoker' uiAccess='false'" /manifest:embed /DEBUG /PDB:"C:\c++_дз\projects\С++_дз\2 курс\2 semestr\задачі\№26(Memento)\memento_pattern(x_o_game)\Debug\memento_pattern(x_o_game).pdb" /ASSEMBLYDEBUG /TLBID:1 /DYNAMICBASE /FIXED:NO /NXCOMPAT /MACHINE:X86 Debug\MyForm.obj
         "Debug\.NETFramework,Version=v4.0.AssemblyAttributes.obj"
         memento_pattern(x_o_game).vcxproj -> C:\c++_дз\projects\С++_дз\2 курс\2 semestr\задачі\№26(Memento)\memento_pattern(x_o_game)\Debug\memento_pattern(x_o_game).exe
     1>Сборка проекта "C:\c++_дз\projects\С++_дз\2 курс\2 semestr\задачі\№26(Memento)\memento_pattern(x_o_game)\memento_pattern(x_o_game)\memento_pattern(x_o_game).vcxproj" завершена (целевые объекты Build).

Сборка успешно завершена.

Затраченное время: 00:00:01.08
